<?xml version="1.0" encoding="UTF-8"?>
<testng-results skipped="0" failed="0" total="1" passed="1">
  <reporter-output>
  </reporter-output>
  <suite name="Command line suite" duration-ms="11" started-at="2016-07-19T09:25:24Z" finished-at="2016-07-19T09:25:24Z">
    <groups>
    </groups>
    <test name="Command line test" duration-ms="11" started-at="2016-07-19T09:25:24Z" finished-at="2016-07-19T09:25:24Z">
      <class name="vijay.drive.AppTest">
        <test-method status="PASS" signature="testApp()[pri:0, instance:testApp(vijay.drive.AppTest)]" name="testApp" duration-ms="1" started-at="2016-07-19T17:25:24Z" finished-at="2016-07-19T17:25:24Z">
          <reporter-output>
          </reporter-output>
        </test-method> <!-- testApp -->
      </class> <!-- vijay.drive.AppTest -->
    </test> <!-- Command line test -->
  </suite> <!-- Command line suite -->
</testng-results>
