<?xml version="1.0" encoding="UTF-8"?>
<!-- Generated by org.testng.reporters.JUnitXMLReporter -->
<testsuite hostname="Lenovo-PC" name="Command line test" tests="1" failures="0" timestamp="19 Jul 2016 09:25:23 GMT" time="0.1" errors="0">
  <testcase name="@BeforeTest doStart" time="0.0" classname="vijay.drive.Login_Test">
    <failure type="java.lang.IllegalStateException" message="The driver executable does not exist: C:\src\test\java\drivers\chromedriver.exe">
      <![CDATA[java.lang.IllegalStateException: The driver executable does not exist: C:\src\test\java\drivers\chromedriver.exe
	at com.google.common.base.Preconditions.checkState(Preconditions.java:199)
	at org.openqa.selenium.remote.service.DriverService.checkExecutable(DriverService.java:121)
	at org.openqa.selenium.remote.service.DriverService.findExecutable(DriverService.java:116)
	at org.openqa.selenium.chrome.ChromeDriverService.access$000(ChromeDriverService.java:32)
	at org.openqa.selenium.chrome.ChromeDriverService$Builder.findDefaultExecutable(ChromeDriverService.java:137)
	at org.openqa.selenium.remote.service.DriverService$Builder.build(DriverService.java:296)
	at org.openqa.selenium.chrome.ChromeDriverService.createDefaultService(ChromeDriverService.java:88)
	at org.openqa.selenium.chrome.ChromeDriver.<init>(ChromeDriver.java:116)
	at vijay.drive.Login_Test.doStart(Login_Test.java:27)
... Removed 32 stack frames]]>
    </failure>
  </testcase> <!-- @BeforeTest doStart -->
  <testcase name="@AfterTest doStop" time="0.0" classname="vijay.drive.Login_Test">
    <skipped/>
  </testcase> <!-- @AfterTest doStop -->
  <testcase name="doLogin" time="0.001" classname="vijay.drive.Login_Test">
    <skipped/>
  </testcase> <!-- doLogin -->
</testsuite> <!-- Command line test -->
