<?xml version="1.0" encoding="UTF-8" ?>
<testsuite tests="4" failures="1" name="TestSuite" time="0.84" errors="0" skipped="2">
  <properties>
[...]
</properties>
  <testcase classname="vijay.drive.Login_Test" name="doStart" time="0.388">
    <failure message="The driver executable does not exist: C:\src\test\java\drivers\chromedriver.exe" type="java.lang.IllegalStateException">java.lang.IllegalStateException: The driver executable does not exist: C:\src\test\java\drivers\chromedriver.exe
	at com.google.common.base.Preconditions.checkState(Preconditions.java:199)
	at org.openqa.selenium.remote.service.DriverService.checkExecutable(DriverService.java:121)
	at org.openqa.selenium.remote.service.DriverService.findExecutable(DriverService.java:116)
	at org.openqa.selenium.chrome.ChromeDriverService.access$000(ChromeDriverService.java:32)
	at org.openqa.selenium.chrome.ChromeDriverService$Builder.findDefaultExecutable(ChromeDriverService.java:137)
	at org.openqa.selenium.remote.service.DriverService$Builder.build(DriverService.java:296)
	at org.openqa.selenium.chrome.ChromeDriverService.createDefaultService(ChromeDriverService.java:88)
	at org.openqa.selenium.chrome.ChromeDriver.&lt;init&gt;(ChromeDriver.java:116)
	at vijay.drive.Login_Test.doStart(Login_Test.java:27)
</failure>
    <system-out>Configuring TestNG with: org.apache.maven.surefire.testng.conf.TestNG652Configurator@59f95c5d
</system-out>
  </testcase>
  <testcase classname="vijay.drive.Login_Test" name="doLogin" time="0">
    <skipped/>
  </testcase>
  <testcase classname="vijay.drive.Login_Test" name="doStop" time="0.002">
    <skipped/>
  </testcase>
  <testcase classname="vijay.drive.AppTest" name="testApp on testApp(vijay.drive.AppTest)" time="0.45"/>
</testsuite>